<?xml version="1.0" encoding="UTF-8"?>
<!-- Generated by org.testng.reporters.JUnitXMLReporter -->
<testsuite ignored="0" hostname="DESKTOP-V7PNRA7" failures="1" tests="23" name="Test1" time="326.435" errors="0" timestamp="2023-06-14T12:18:19 CST">
  <testcase classname="tests.TC01_RegisterUser" name="S001_MainPage" time="3.649"/>
  <testcase classname="tests.TC01_RegisterUser" name="S002_LogInClick" time="2.092"/>
  <testcase classname="tests.TC01_RegisterUser" name="S003_EnterEmailAdress" time="3.391"/>
  <testcase classname="tests.TC01_RegisterUser" name="S004_GenderSelection" time="0.105"/>
  <testcase classname="tests.TC01_RegisterUser" name="S005_EmailValidation" time="0.065"/>
  <testcase classname="tests.TC01_RegisterUser" name="S006_Password" time="0.166"/>
  <testcase classname="tests.TC01_RegisterUser" name="S007_BirthDateSelection" time="0.946"/>
  <testcase classname="tests.TC01_RegisterUser" name="S008_SubscriptionNewsletter" time="0.129"/>
  <testcase classname="tests.TC01_RegisterUser" name="S009_SelectOffers" time="0.089"/>
  <testcase classname="tests.TC01_RegisterUser" name="S010_NameValidation" time="0.204"/>
  <testcase classname="tests.TC01_RegisterUser" name="S011_LastNameVaidation" time="0.178"/>
  <testcase classname="tests.TC01_RegisterUser" name="S012_NameAndLastnameValidation" time="0.086"/>
  <testcase classname="tests.TC01_RegisterUser" name="S013_CompanyValidation" time="0.215"/>
  <testcase classname="tests.TC01_RegisterUser" name="S014_AdrressValidation" time="0.194"/>
  <testcase classname="tests.TC01_RegisterUser" name="S015_SecondAddressValidation" time="0.164"/>
  <testcase classname="tests.TC01_RegisterUser" name="S016_CountrySelection" time="0.158"/>
  <testcase classname="tests.TC01_RegisterUser" name="S017_StateSelection" time="0.166"/>
  <testcase classname="tests.TC01_RegisterUser" name="S018_CityValidation" time="0.291"/>
  <testcase classname="tests.TC01_RegisterUser" name="S019_ZIPValidation" time="0.174"/>
  <testcase classname="tests.TC01_RegisterUser" name="S020_MobileNumberValidation" time="0.191"/>
  <testcase classname="tests.TC01_RegisterUser" name="S021_ClickOnRegister" time="2.421"/>
  <testcase classname="tests.TC01_RegisterUser" name="S022_LoginName" time="2.446"/>
  <testcase classname="tests.TC01_RegisterUser" name="S023_DeleteAccount" time="180.112">
    <failure type="org.openqa.selenium.TimeoutException" message="java.util.concurrent.TimeoutException
Build info: version: &amp;apos;4.9.1&amp;apos;, revision: &amp;apos;eb2032df7f&amp;apos;
System info: os.name: &amp;apos;Windows 10&amp;apos;, os.arch: &amp;apos;amd64&amp;apos;, os.version: &amp;apos;10.0&amp;apos;, java.version: &amp;apos;17.0.7&amp;apos;
Driver info: org.openqa.selenium.chrome.ChromeDriver
Command: [085bd7866e695ae1f80ec1321a667fd9, clickElement {id=AF18949A7A324A3532D98CDEE25B7A70_element_102}]
Capabilities {acceptInsecureCerts: false, browserName: chrome, browserVersion: 114.0.5735.111, chrome: {chromedriverVersion: 114.0.5735.90 (386bc09e8f4f..., userDataDir: C:\Users\DAVIDA~1\AppData\L...}, goog:chromeOptions: {debuggerAddress: localhost:63148}, networkConnectionEnabled: false, pageLoadStrategy: normal, platformName: windows, proxy: Proxy(), se:cdp: ws://localhost:63148/devtoo..., se:cdpVersion: 114.0.5735.111, setWindowRect: true, strictFileInteractability: false, timeouts: {implicit: 0, pageLoad: 300000, script: 30000}, unhandledPromptBehavior: dismiss and notify, webauthn:extension:credBlob: true, webauthn:extension:largeBlob: true, webauthn:extension:minPinLength: true, webauthn:extension:prf: true, webauthn:virtualAuthenticators: true}
Element: [[ChromeDriver: chrome on windows (085bd7866e695ae1f80ec1321a667fd9)] -&amp;gt; css selector: a[href=&amp;apos;/delete_account&amp;apos;]]
Session ID: 085bd7866e695ae1f80ec1321a667fd9">
      <![CDATA[org.openqa.selenium.TimeoutException: java.util.concurrent.TimeoutException
Build info: version: '4.9.1', revision: 'eb2032df7f'
System info: os.name: 'Windows 10', os.arch: 'amd64', os.version: '10.0', java.version: '17.0.7'
Driver info: org.openqa.selenium.chrome.ChromeDriver
Command: [085bd7866e695ae1f80ec1321a667fd9, clickElement {id=AF18949A7A324A3532D98CDEE25B7A70_element_102}]
Capabilities {acceptInsecureCerts: false, browserName: chrome, browserVersion: 114.0.5735.111, chrome: {chromedriverVersion: 114.0.5735.90 (386bc09e8f4f..., userDataDir: C:\Users\DAVIDA~1\AppData\L...}, goog:chromeOptions: {debuggerAddress: localhost:63148}, networkConnectionEnabled: false, pageLoadStrategy: normal, platformName: windows, proxy: Proxy(), se:cdp: ws://localhost:63148/devtoo..., se:cdpVersion: 114.0.5735.111, setWindowRect: true, strictFileInteractability: false, timeouts: {implicit: 0, pageLoad: 300000, script: 30000}, unhandledPromptBehavior: dismiss and notify, webauthn:extension:credBlob: true, webauthn:extension:largeBlob: true, webauthn:extension:minPinLength: true, webauthn:extension:prf: true, webauthn:virtualAuthenticators: true}
Element: [[ChromeDriver: chrome on windows (085bd7866e695ae1f80ec1321a667fd9)] -> css selector: a[href='/delete_account']]
Session ID: 085bd7866e695ae1f80ec1321a667fd9
at org.openqa.selenium.remote.http.netty.NettyHttpHandler.makeCall(NettyHttpHandler.java:65)
at org.openqa.selenium.remote.http.AddSeleniumUserAgent.lambda$apply$0(AddSeleniumUserAgent.java:42)
at org.openqa.selenium.remote.http.Filter.lambda$andFinally$1(Filter.java:56)
at org.openqa.selenium.remote.http.netty.NettyHttpHandler.execute(NettyHttpHandler.java:49)
at org.openqa.selenium.remote.http.AddSeleniumUserAgent.lambda$apply$0(AddSeleniumUserAgent.java:42)
at org.openqa.selenium.remote.http.Filter.lambda$andFinally$1(Filter.java:56)
at org.openqa.selenium.remote.http.netty.NettyClient.execute(NettyClient.java:99)
at org.openqa.selenium.remote.HttpCommandExecutor.execute(HttpCommandExecutor.java:190)
at org.openqa.selenium.remote.service.DriverCommandExecutor.invokeExecute(DriverCommandExecutor.java:183)
at org.openqa.selenium.remote.service.DriverCommandExecutor.execute(DriverCommandExecutor.java:158)
at org.openqa.selenium.remote.RemoteWebDriver.execute(RemoteWebDriver.java:543)
at org.openqa.selenium.remote.RemoteWebElement.execute(RemoteWebElement.java:257)
at org.openqa.selenium.remote.RemoteWebElement.click(RemoteWebElement.java:78)
at tests.TC01_RegisterUser.S023_DeleteAccount(TC01_RegisterUser.java:318)
at java.base/java.util.ArrayList.forEach(ArrayList.java:1511)
Caused by: java.util.concurrent.TimeoutException
at java.base/java.util.concurrent.CompletableFuture.timedGet(CompletableFuture.java:1960)
at java.base/java.util.concurrent.CompletableFuture.get(CompletableFuture.java:2095)
at org.asynchttpclient.netty.NettyResponseFuture.get(NettyResponseFuture.java:206)
at org.openqa.selenium.remote.http.netty.NettyHttpHandler.makeCall(NettyHttpHandler.java:59)
... 41 more
... Removed 27 stack frames]]>
    </failure>
  </testcase> <!-- S023_DeleteAccount -->
</testsuite> <!-- Test1 -->
