<?xml version="1.0" encoding="UTF-8"?>
<!-- Generated by org.testng.reporters.JUnitReportReporter -->
<testsuite hostname="DESKTOP-V7PNRA7" failures="0" tests="23" name="tests.TC01_RegisterUser" time="197.632" errors="1" timestamp="2023-06-14T12:38:29 CST" skipped="0">
  <testcase classname="tests.TC01_RegisterUser" name="S001_MainPage" time="3.649"/>
  <system-out>
    <![CDATA[The webpage loads correctly<br>]]>
  </system-out>
  <testcase classname="tests.TC01_RegisterUser" name="S002_LogInClick" time="2.092"/>
  <system-out>
    <![CDATA[The login page loads correctly<br>]]>
  </system-out>
  <testcase classname="tests.TC01_RegisterUser" name="S003_EnterEmailAdress" time="3.391"/>
  <system-out>
    <![CDATA[The form appears<br>]]>
  </system-out>
  <testcase classname="tests.TC01_RegisterUser" name="S004_GenderSelection" time="0.105"/>
  <system-out>
    <![CDATA[The gender selected is checked <br>]]>
  </system-out>
  <testcase classname="tests.TC01_RegisterUser" name="S005_EmailValidation" time="0.065"/>
  <system-out>
    <![CDATA[The email typed at the beginning is shown<br>]]>
  </system-out>
  <testcase classname="tests.TC01_RegisterUser" name="S006_Password" time="0.166"/>
  <system-out>
    <![CDATA[The password typed is shown<br>]]>
  </system-out>
  <testcase classname="tests.TC01_RegisterUser" name="S007_BirthDateSelection" time="0.946"/>
  <system-out>
    <![CDATA[The birth date selected is shown<br>]]>
  </system-out>
  <testcase classname="tests.TC01_RegisterUser" name="S008_SubscriptionNewsletter" time="0.129"/>
  <system-out>
    <![CDATA[The newsletter is checked<br>]]>
  </system-out>
  <testcase classname="tests.TC01_RegisterUser" name="S009_SelectOffers" time="0.089"/>
  <system-out>
    <![CDATA[The offers checkbox is checked<br>]]>
  </system-out>
  <testcase classname="tests.TC01_RegisterUser" name="S010_NameValidation" time="0.204"/>
  <system-out>
    <![CDATA[The name typed is shown<br>]]>
  </system-out>
  <testcase classname="tests.TC01_RegisterUser" name="S011_LastNameVaidation" time="0.178"/>
  <system-out>
    <![CDATA[The lastname typed is shown<br>]]>
  </system-out>
  <testcase classname="tests.TC01_RegisterUser" name="S012_NameAndLastnameValidation" time="0.086"/>
  <system-out>
    <![CDATA[The name and the last name typed at the beginning of the form is shown<br>]]>
  </system-out>
  <testcase classname="tests.TC01_RegisterUser" name="S013_CompanyValidation" time="0.215"/>
  <system-out>
    <![CDATA[The company typed is shown<br>]]>
  </system-out>
  <testcase classname="tests.TC01_RegisterUser" name="S014_AdrressValidation" time="0.194"/>
  <system-out>
    <![CDATA[The first address typed is shown<br>]]>
  </system-out>
  <testcase classname="tests.TC01_RegisterUser" name="S015_SecondAddressValidation" time="0.164"/>
  <system-out>
    <![CDATA[The second address typed is shown<br>]]>
  </system-out>
  <testcase classname="tests.TC01_RegisterUser" name="S016_CountrySelection" time="0.158"/>
  <system-out>
    <![CDATA[The country selected is shown<br>]]>
  </system-out>
  <testcase classname="tests.TC01_RegisterUser" name="S017_StateSelection" time="0.166"/>
  <system-out>
    <![CDATA[The state selected is shown<br>]]>
  </system-out>
  <testcase classname="tests.TC01_RegisterUser" name="S018_CityValidation" time="0.291"/>
  <system-out>
    <![CDATA[The city typed is shown<br>]]>
  </system-out>
  <testcase classname="tests.TC01_RegisterUser" name="S019_ZIPValidation" time="0.174"/>
  <system-out>
    <![CDATA[The ZIP code typed is shown<br>]]>
  </system-out>
  <testcase classname="tests.TC01_RegisterUser" name="S020_MobileNumberValidation" time="0.191"/>
  <system-out>
    <![CDATA[The mobile number typed is shown<br>]]>
  </system-out>
  <testcase classname="tests.TC01_RegisterUser" name="S021_ClickOnRegister" time="2.421"/>
  <system-out>
    <![CDATA[The account is created<br>]]>
  </system-out>
  <testcase classname="tests.TC01_RegisterUser" name="S022_LoginName" time="2.446"/>
  <system-out>
    <![CDATA[The name is showed<br>]]>
  </system-out>
  <testcase classname="tests.TC01_RegisterUser" name="S023_DeleteAccount" time="180.112">
    <error message="java.util.concurrent.TimeoutException
Build info: version: &#039;4.9.1&#039;, revision: &#039;eb2032df7f&#039;
System info: os.name: &#039;Windows 10&#039;, os.arch: &#039;amd64&#039;, os.version: &#039;10.0&#039;, java.version: &#039;17.0.7&#039;
Driver info: org.openqa.selenium.chrome.ChromeDriver
Command: [085bd7866e695ae1f80ec1321a667fd9, clickElement {id=AF18949A7A324A3532D98CDEE25B7A70_element_102}]
Capabilities {acceptInsecureCerts: false, browserName: chrome, browserVersion: 114.0.5735.111, chrome: {chromedriverVersion: 114.0.5735.90 (386bc09e8f4f..., userDataDir: C:\Users\DAVIDA~1\AppData\L...}, goog:chromeOptions: {debuggerAddress: localhost:63148}, networkConnectionEnabled: false, pageLoadStrategy: normal, platformName: windows, proxy: Proxy(), se:cdp: ws://localhost:63148/devtoo..., se:cdpVersion: 114.0.5735.111, setWindowRect: true, strictFileInteractability: false, timeouts: {implicit: 0, pageLoad: 300000, script: 30000}, unhandledPromptBehavior: dismiss and notify, webauthn:extension:credBlob: true, webauthn:extension:largeBlob: true, webauthn:extension:minPinLength: true, webauthn:extension:prf: true, webauthn:virtualAuthenticators: true}
Element: [[ChromeDriver: chrome on windows (085bd7866e695ae1f80ec1321a667fd9)] -&gt; css selector: a[href=&#039;/delete_account&#039;]]
Session ID: 085bd7866e695ae1f80ec1321a667fd9" type="org.openqa.selenium.TimeoutException">
      <![CDATA[org.openqa.selenium.TimeoutException: java.util.concurrent.TimeoutException
Build info: version: '4.9.1', revision: 'eb2032df7f'
System info: os.name: 'Windows 10', os.arch: 'amd64', os.version: '10.0', java.version: '17.0.7'
Driver info: org.openqa.selenium.chrome.ChromeDriver
Command: [085bd7866e695ae1f80ec1321a667fd9, clickElement {id=AF18949A7A324A3532D98CDEE25B7A70_element_102}]
Capabilities {acceptInsecureCerts: false, browserName: chrome, browserVersion: 114.0.5735.111, chrome: {chromedriverVersion: 114.0.5735.90 (386bc09e8f4f..., userDataDir: C:\Users\DAVIDA~1\AppData\L...}, goog:chromeOptions: {debuggerAddress: localhost:63148}, networkConnectionEnabled: false, pageLoadStrategy: normal, platformName: windows, proxy: Proxy(), se:cdp: ws://localhost:63148/devtoo..., se:cdpVersion: 114.0.5735.111, setWindowRect: true, strictFileInteractability: false, timeouts: {implicit: 0, pageLoad: 300000, script: 30000}, unhandledPromptBehavior: dismiss and notify, webauthn:extension:credBlob: true, webauthn:extension:largeBlob: true, webauthn:extension:minPinLength: true, webauthn:extension:prf: true, webauthn:virtualAuthenticators: true}
Element: [[ChromeDriver: chrome on windows (085bd7866e695ae1f80ec1321a667fd9)] -> css selector: a[href='/delete_account']]
Session ID: 085bd7866e695ae1f80ec1321a667fd9
at org.openqa.selenium.remote.http.netty.NettyHttpHandler.makeCall(NettyHttpHandler.java:65)
at org.openqa.selenium.remote.http.AddSeleniumUserAgent.lambda$apply$0(AddSeleniumUserAgent.java:42)
at org.openqa.selenium.remote.http.Filter.lambda$andFinally$1(Filter.java:56)
at org.openqa.selenium.remote.http.netty.NettyHttpHandler.execute(NettyHttpHandler.java:49)
at org.openqa.selenium.remote.http.AddSeleniumUserAgent.lambda$apply$0(AddSeleniumUserAgent.java:42)
at org.openqa.selenium.remote.http.Filter.lambda$andFinally$1(Filter.java:56)
at org.openqa.selenium.remote.http.netty.NettyClient.execute(NettyClient.java:99)
at org.openqa.selenium.remote.HttpCommandExecutor.execute(HttpCommandExecutor.java:190)
at org.openqa.selenium.remote.service.DriverCommandExecutor.invokeExecute(DriverCommandExecutor.java:183)
at org.openqa.selenium.remote.service.DriverCommandExecutor.execute(DriverCommandExecutor.java:158)
at org.openqa.selenium.remote.RemoteWebDriver.execute(RemoteWebDriver.java:543)
at org.openqa.selenium.remote.RemoteWebElement.execute(RemoteWebElement.java:257)
at org.openqa.selenium.remote.RemoteWebElement.click(RemoteWebElement.java:78)
at tests.TC01_RegisterUser.S023_DeleteAccount(TC01_RegisterUser.java:318)
at java.base/jdk.internal.reflect.NativeMethodAccessorImpl.invoke0(Native Method)
at java.base/jdk.internal.reflect.NativeMethodAccessorImpl.invoke(NativeMethodAccessorImpl.java:77)
at java.base/jdk.internal.reflect.DelegatingMethodAccessorImpl.invoke(DelegatingMethodAccessorImpl.java:43)
at java.base/java.lang.reflect.Method.invoke(Method.java:568)
at org.testng.internal.MethodInvocationHelper.invokeMethod(MethodInvocationHelper.java:133)
at org.testng.internal.TestInvoker.invokeMethod(TestInvoker.java:598)
at org.testng.internal.TestInvoker.invokeTestMethod(TestInvoker.java:173)
at org.testng.internal.MethodRunner.runInSequence(MethodRunner.java:46)
at org.testng.internal.TestInvoker$MethodInvocationAgent.invoke(TestInvoker.java:824)
at org.testng.internal.TestInvoker.invokeTestMethods(TestInvoker.java:146)
at org.testng.internal.TestMethodWorker.invokeTestMethods(TestMethodWorker.java:146)
at org.testng.internal.TestMethodWorker.run(TestMethodWorker.java:128)
at java.base/java.util.ArrayList.forEach(ArrayList.java:1511)
at org.testng.TestRunner.privateRun(TestRunner.java:794)
at org.testng.TestRunner.run(TestRunner.java:596)
at org.testng.SuiteRunner.runTest(SuiteRunner.java:377)
at org.testng.SuiteRunner.runSequentially(SuiteRunner.java:371)
at org.testng.SuiteRunner.privateRun(SuiteRunner.java:332)
at org.testng.SuiteRunner.run(SuiteRunner.java:276)
at org.testng.SuiteRunnerWorker.runSuite(SuiteRunnerWorker.java:53)
at org.testng.SuiteRunnerWorker.run(SuiteRunnerWorker.java:96)
at org.testng.TestNG.runSuitesSequentially(TestNG.java:1212)
at org.testng.TestNG.runSuitesLocally(TestNG.java:1134)
at org.testng.TestNG.runSuites(TestNG.java:1063)
at org.testng.TestNG.run(TestNG.java:1031)
at org.testng.remote.AbstractRemoteTestNG.run(AbstractRemoteTestNG.java:115)
at org.testng.remote.RemoteTestNG.initAndRun(RemoteTestNG.java:251)
at org.testng.remote.RemoteTestNG.main(RemoteTestNG.java:77)
Caused by: java.util.concurrent.TimeoutException
at java.base/java.util.concurrent.CompletableFuture.timedGet(CompletableFuture.java:1960)
at java.base/java.util.concurrent.CompletableFuture.get(CompletableFuture.java:2095)
at org.asynchttpclient.netty.NettyResponseFuture.get(NettyResponseFuture.java:206)
at org.openqa.selenium.remote.http.netty.NettyHttpHandler.makeCall(NettyHttpHandler.java:59)
... 41 more
]]>
    </error>
  </testcase> <!-- S023_DeleteAccount -->
  <system-out/>
</testsuite> <!-- tests.TC01_RegisterUser -->
